This is pdfTeX, Version 3.141592653-2.6-1.40.24 (TeX Live 2022) (preloaded format=pdflatex 2022.4.5)  2 FEB 2023 17:41
entering extended mode
 restricted \write18 enabled.
 %&-line parsing enabled.
**paper.tex
(./paper.tex
LaTeX2e <2021-11-15> patch level 1
L3 programming layer <2022-02-24> (/usr/local/texlive/2022/texmf-dist/tex/latex
/base/article.cls
Document Class: article 2021/10/04 v1.4n Standard LaTeX document class
(/usr/local/texlive/2022/texmf-dist/tex/latex/base/size11.clo
File: size11.clo 2021/10/04 v1.4n Standard LaTeX file (size option)
)
\c@part=\count185
\c@section=\count186
\c@subsection=\count187
\c@subsubsection=\count188
\c@paragraph=\count189
\c@subparagraph=\count190
\c@figure=\count191
\c@table=\count192
\abovecaptionskip=\skip47
\belowcaptionskip=\skip48
\bibindent=\dimen138
) (/usr/local/texlive/2022/texmf-dist/tex/latex/amsmath/amsmath.sty
Package: amsmath 2021/10/15 v2.17l AMS math features
\@mathmargin=\skip49
For additional information on amsmath, use the `?' option.
(/usr/local/texlive/2022/texmf-dist/tex/latex/amsmath/amstext.sty
Package: amstext 2021/08/26 v2.01 AMS text
(/usr/local/texlive/2022/texmf-dist/tex/latex/amsmath/amsgen.sty
File: amsgen.sty 1999/11/30 v2.0 generic functions
\@emptytoks=\toks16
\ex@=\dimen139
)) (/usr/local/texlive/2022/texmf-dist/tex/latex/amsmath/amsbsy.sty
Package: amsbsy 1999/11/29 v1.2d Bold Symbols
\pmbraise@=\dimen140
) (/usr/local/texlive/2022/texmf-dist/tex/latex/amsmath/amsopn.sty
Package: amsopn 2021/08/26 v2.02 operator names
)
\inf@bad=\count193
LaTeX Info: Redefining \frac on input line 234.
\uproot@=\count194
\leftroot@=\count195
LaTeX Info: Redefining \overline on input line 399.
\classnum@=\count196
\DOTSCASE@=\count197
LaTeX Info: Redefining \ldots on input line 496.
LaTeX Info: Redefining \dots on input line 499.
LaTeX Info: Redefining \cdots on input line 620.
\Mathstrutbox@=\box50
\strutbox@=\box51
\big@size=\dimen141
LaTeX Font Info:    Redeclaring font encoding OML on input line 743.
LaTeX Font Info:    Redeclaring font encoding OMS on input line 744.
\macc@depth=\count198
\c@MaxMatrixCols=\count199
\dotsspace@=\muskip16
\c@parentequation=\count266
\dspbrk@lvl=\count267
\tag@help=\toks17
\row@=\count268
\column@=\count269
\maxfields@=\count270
\andhelp@=\toks18
\eqnshift@=\dimen142
\alignsep@=\dimen143
\tagshift@=\dimen144
\tagwidth@=\dimen145
\totwidth@=\dimen146
\lineht@=\dimen147
\@envbody=\toks19
\multlinegap=\skip50
\multlinetaggap=\skip51
\mathdisplay@stack=\toks20
LaTeX Info: Redefining \[ on input line 2938.
LaTeX Info: Redefining \] on input line 2939.
) (/usr/local/texlive/2022/texmf-dist/tex/latex/amsfonts/amssymb.sty
Package: amssymb 2013/01/14 v3.01 AMS font symbols
(/usr/local/texlive/2022/texmf-dist/tex/latex/amsfonts/amsfonts.sty
Package: amsfonts 2013/01/14 v3.01 Basic AMSFonts support
\symAMSa=\mathgroup4
\symAMSb=\mathgroup5
LaTeX Font Info:    Redeclaring math symbol \hbar on input line 98.
LaTeX Font Info:    Overwriting math alphabet `\mathfrak' in version `bold'
(Font)                  U/euf/m/n --> U/euf/b/n on input line 106.
)) (/usr/local/texlive/2022/texmf-dist/tex/generic/iftex/iftex.sty
Package: iftex 2022/02/03 v1.0f TeX engine tests
) (/usr/local/texlive/2022/texmf-dist/tex/latex/base/fontenc.sty
Package: fontenc 2021/04/29 v2.0v Standard LaTeX package
) (/usr/local/texlive/2022/texmf-dist/tex/latex/base/inputenc.sty
Package: inputenc 2021/02/14 v1.3d Input encoding file
\inpenc@prehook=\toks21
\inpenc@posthook=\toks22
) (/usr/local/texlive/2022/texmf-dist/tex/latex/base/textcomp.sty
Package: textcomp 2020/02/02 v2.0n Standard LaTeX package
) (/usr/local/texlive/2022/texmf-dist/tex/latex/lm/lmodern.sty
Package: lmodern 2015/05/01 v1.6.1 Latin Modern Fonts
LaTeX Font Info:    Overwriting symbol font `operators' in version `normal'
(Font)                  OT1/cmr/m/n --> OT1/lmr/m/n on input line 22.
LaTeX Font Info:    Overwriting symbol font `letters' in version `normal'
(Font)                  OML/cmm/m/it --> OML/lmm/m/it on input line 23.
LaTeX Font Info:    Overwriting symbol font `symbols' in version `normal'
(Font)                  OMS/cmsy/m/n --> OMS/lmsy/m/n on input line 24.
LaTeX Font Info:    Overwriting symbol font `largesymbols' in version `normal'
(Font)                  OMX/cmex/m/n --> OMX/lmex/m/n on input line 25.
LaTeX Font Info:    Overwriting symbol font `operators' in version `bold'
(Font)                  OT1/cmr/bx/n --> OT1/lmr/bx/n on input line 26.
LaTeX Font Info:    Overwriting symbol font `letters' in version `bold'
(Font)                  OML/cmm/b/it --> OML/lmm/b/it on input line 27.
LaTeX Font Info:    Overwriting symbol font `symbols' in version `bold'
(Font)                  OMS/cmsy/b/n --> OMS/lmsy/b/n on input line 28.
LaTeX Font Info:    Overwriting symbol font `largesymbols' in version `bold'
(Font)                  OMX/cmex/m/n --> OMX/lmex/m/n on input line 29.
LaTeX Font Info:    Overwriting math alphabet `\mathbf' in version `normal'
(Font)                  OT1/cmr/bx/n --> OT1/lmr/bx/n on input line 31.
LaTeX Font Info:    Overwriting math alphabet `\mathsf' in version `normal'
(Font)                  OT1/cmss/m/n --> OT1/lmss/m/n on input line 32.
LaTeX Font Info:    Overwriting math alphabet `\mathit' in version `normal'
(Font)                  OT1/cmr/m/it --> OT1/lmr/m/it on input line 33.
LaTeX Font Info:    Overwriting math alphabet `\mathtt' in version `normal'
(Font)                  OT1/cmtt/m/n --> OT1/lmtt/m/n on input line 34.
LaTeX Font Info:    Overwriting math alphabet `\mathbf' in version `bold'
(Font)                  OT1/cmr/bx/n --> OT1/lmr/bx/n on input line 35.
LaTeX Font Info:    Overwriting math alphabet `\mathsf' in version `bold'
(Font)                  OT1/cmss/bx/n --> OT1/lmss/bx/n on input line 36.
LaTeX Font Info:    Overwriting math alphabet `\mathit' in version `bold'
(Font)                  OT1/cmr/bx/it --> OT1/lmr/bx/it on input line 37.
LaTeX Font Info:    Overwriting math alphabet `\mathtt' in version `bold'
(Font)                  OT1/cmtt/m/n --> OT1/lmtt/m/n on input line 38.
) (/usr/local/texlive/2022/texmf-dist/tex/latex/upquote/upquote.sty
Package: upquote 2012/04/19 v1.3 upright-quote and grave-accent glyphs in verba
tim
) (/usr/local/texlive/2022/texmf-dist/tex/latex/microtype/microtype.sty
Package: microtype 2022/03/14 v3.0d Micro-typographical refinements (RS)
(/usr/local/texlive/2022/texmf-dist/tex/latex/graphics/keyval.sty
Package: keyval 2014/10/28 v1.15 key=value parser (DPC)
\KV@toks@=\toks23
) (/usr/local/texlive/2022/texmf-dist/tex/latex/etoolbox/etoolbox.sty
Package: etoolbox 2020/10/05 v2.5k e-TeX tools for LaTeX (JAW)
\etb@tempcnta=\count271
)
\MT@toks=\toks24
\MT@tempbox=\box52
\MT@count=\count272
LaTeX Info: Redefining \noprotrusionifhmode on input line 1027.
LaTeX Info: Redefining \leftprotrusion on input line 1028.
LaTeX Info: Redefining \rightprotrusion on input line 1036.
LaTeX Info: Redefining \textls on input line 1195.
\MT@outer@kern=\dimen148
LaTeX Info: Redefining \textmicrotypecontext on input line 1781.
\MT@listname@count=\count273
(/usr/local/texlive/2022/texmf-dist/tex/latex/microtype/microtype-pdftex.def
File: microtype-pdftex.def 2022/03/14 v3.0d Definitions specific to pdftex (RS)

LaTeX Info: Redefining \lsstyle on input line 900.
LaTeX Info: Redefining \lslig on input line 900.
\MT@outer@space=\skip52
)
Package microtype Info: Loading configuration file microtype.cfg.
(/usr/local/texlive/2022/texmf-dist/tex/latex/microtype/microtype.cfg
File: microtype.cfg 2022/03/14 v3.0d microtype main configuration file (RS)
)) (/usr/local/texlive/2022/texmf-dist/tex/latex/parskip/parskip.sty
Package: parskip 2021-03-14 v2.0h non-zero parskip adjustments
(/usr/local/texlive/2022/texmf-dist/tex/latex/kvoptions/kvoptions.sty
Package: kvoptions 2020-10-07 v3.14 Key value format for package options (HO)
(/usr/local/texlive/2022/texmf-dist/tex/generic/ltxcmds/ltxcmds.sty
Package: ltxcmds 2020-05-10 v1.25 LaTeX kernel commands for general use (HO)
) (/usr/local/texlive/2022/texmf-dist/tex/generic/kvsetkeys/kvsetkeys.sty
Package: kvsetkeys 2019/12/15 v1.18 Key value parser (HO)
))) (/usr/local/texlive/2022/texmf-dist/tex/latex/xcolor/xcolor.sty
Package: xcolor 2021/10/31 v2.13 LaTeX color extensions (UK)
(/usr/local/texlive/2022/texmf-dist/tex/latex/graphics-cfg/color.cfg
File: color.cfg 2016/01/02 v1.6 sample color configuration
)
Package xcolor Info: Driver file: pdftex.def on input line 227.
(/usr/local/texlive/2022/texmf-dist/tex/latex/graphics-def/pdftex.def
File: pdftex.def 2020/10/05 v1.2a Graphics/color driver for pdftex
)
Package xcolor Info: Model `cmy' substituted by `cmy0' on input line 1352.
Package xcolor Info: Model `hsb' substituted by `rgb' on input line 1356.
Package xcolor Info: Model `RGB' extended on input line 1368.
Package xcolor Info: Model `HTML' substituted by `rgb' on input line 1370.
Package xcolor Info: Model `Hsb' substituted by `hsb' on input line 1371.
Package xcolor Info: Model `tHsb' substituted by `hsb' on input line 1372.
Package xcolor Info: Model `HSB' substituted by `hsb' on input line 1373.
Package xcolor Info: Model `Gray' substituted by `gray' on input line 1374.
Package xcolor Info: Model `wave' substituted by `hsb' on input line 1375.
) (/usr/local/texlive/2022/texmf-dist/tex/latex/geometry/geometry.sty
Package: geometry 2020/01/02 v5.9 Page Geometry
(/usr/local/texlive/2022/texmf-dist/tex/generic/iftex/ifvtex.sty
Package: ifvtex 2019/10/25 v1.7 ifvtex legacy package. Use iftex instead.
)
\Gm@cnth=\count274
\Gm@cntv=\count275
\c@Gm@tempcnt=\count276
\Gm@bindingoffset=\dimen149
\Gm@wd@mp=\dimen150
\Gm@odd@mp=\dimen151
\Gm@even@mp=\dimen152
\Gm@layoutwidth=\dimen153
\Gm@layoutheight=\dimen154
\Gm@layouthoffset=\dimen155
\Gm@layoutvoffset=\dimen156
\Gm@dimlist=\toks25
) (/usr/local/texlive/2022/texmf-dist/tex/latex/tools/longtable.sty
Package: longtable 2021-09-01 v4.17 Multi-page Table package (DPC)
\LTleft=\skip53
\LTright=\skip54
\LTpre=\skip55
\LTpost=\skip56
\LTchunksize=\count277
\LTcapwidth=\dimen157
\LT@head=\box53
\LT@firsthead=\box54
\LT@foot=\box55
\LT@lastfoot=\box56
\LT@gbox=\box57
\LT@cols=\count278
\LT@rows=\count279
\c@LT@tables=\count280
\c@LT@chunks=\count281
\LT@p@ftn=\toks26
) (/usr/local/texlive/2022/texmf-dist/tex/latex/booktabs/booktabs.sty
Package: booktabs 2020/01/12 v1.61803398 Publication quality tables
\heavyrulewidth=\dimen158
\lightrulewidth=\dimen159
\cmidrulewidth=\dimen160
\belowrulesep=\dimen161
\belowbottomsep=\dimen162
\aboverulesep=\dimen163
\abovetopsep=\dimen164
\cmidrulesep=\dimen165
\cmidrulekern=\dimen166
\defaultaddspace=\dimen167
\@cmidla=\count282
\@cmidlb=\count283
\@aboverulesep=\dimen168
\@belowrulesep=\dimen169
\@thisruleclass=\count284
\@lastruleclass=\count285
\@thisrulewidth=\dimen170
) (/usr/local/texlive/2022/texmf-dist/tex/latex/tools/array.sty
Package: array 2021/10/04 v2.5f Tabular extension package (FMi)
\col@sep=\dimen171
\ar@mcellbox=\box58
\extrarowheight=\dimen172
\NC@list=\toks27
\extratabsurround=\skip57
\backup@length=\skip58
\ar@cellbox=\box59
) (/usr/local/texlive/2022/texmf-dist/tex/latex/tools/calc.sty
Package: calc 2017/05/25 v4.3 Infix arithmetic (KKT,FJ)
\calc@Acount=\count286
\calc@Bcount=\count287
\calc@Adimen=\dimen173
\calc@Bdimen=\dimen174
\calc@Askip=\skip59
\calc@Bskip=\skip60
LaTeX Info: Redefining \setlength on input line 80.
LaTeX Info: Redefining \addtolength on input line 81.
\calc@Ccount=\count288
\calc@Cskip=\skip61
) (/usr/local/texlive/2022/texmf-dist/tex/latex/footnotehyper/footnotehyper.sty
Package: footnotehyper 2021/08/13 v1.1e hyperref aware footnote.sty (JFB)
\FNH@notes=\box60
\FNH@width=\dimen175
\FNH@toks=\toks28
) (/usr/local/texlive/2022/texmf-dist/tex/latex/graphics/graphicx.sty
Package: graphicx 2021/09/16 v1.2d Enhanced LaTeX Graphics (DPC,SPQR)
(/usr/local/texlive/2022/texmf-dist/tex/latex/graphics/graphics.sty
Package: graphics 2021/03/04 v1.4d Standard LaTeX Graphics (DPC,SPQR)
(/usr/local/texlive/2022/texmf-dist/tex/latex/graphics/trig.sty
Package: trig 2021/08/11 v1.11 sin cos tan (DPC)
) (/usr/local/texlive/2022/texmf-dist/tex/latex/graphics-cfg/graphics.cfg
File: graphics.cfg 2016/06/04 v1.11 sample graphics configuration
)
Package graphics Info: Driver file: pdftex.def on input line 107.
)
\Gin@req@height=\dimen176
\Gin@req@width=\dimen177
)
\cslhangindent=\skip62
\csllabelwidth=\skip63
\cslentryspacingunit=\skip64
(/usr/local/texlive/2022/texmf-dist/tex/latex/float/float.sty
Package: float 2001/11/08 v1.3d Float enhancements (AL)
\c@float@type=\count289
\float@exts=\toks29
\float@box=\box61
\@float@everytoks=\toks30
\@floatcapt=\box62
) (/usr/local/texlive/2022/texmf-dist/tex/latex/natbib/natbib.sty
Package: natbib 2010/09/13 8.31b (PWD, AO)
\bibhang=\skip65
\bibsep=\skip66
LaTeX Info: Redefining \cite on input line 694.
\c@NAT@ctr=\count290
) (/usr/local/texlive/2022/texmf-dist/tex/latex/multirow/multirow.sty
Package: multirow 2021/03/15 v2.8 Span multiple rows of a table
\multirow@colwidth=\skip67
\multirow@cntb=\count291
\multirow@dima=\skip68
\bigstrutjot=\dimen178
) (/usr/local/texlive/2022/texmf-dist/tex/latex/wrapfig/wrapfig.sty
\wrapoverhang=\dimen179
\WF@size=\dimen180
\c@WF@wrappedlines=\count292
\WF@box=\box63
\WF@everypar=\toks31
Package: wrapfig 2003/01/31  v 3.6
) (/usr/local/texlive/2022/texmf-dist/tex/latex/colortbl/colortbl.sty
Package: colortbl 2020/01/04 v1.0e Color table columns (DPC)
\everycr=\toks32
\minrowclearance=\skip69
) (/usr/local/texlive/2022/texmf-dist/tex/latex/pdflscape/pdflscape.sty
Package: pdflscape 2019/12/05 v0.12 Display of landscape pages in PDF (HO)
(/usr/local/texlive/2022/texmf-dist/tex/latex/graphics/lscape.sty
Package: lscape 2020/05/28 v3.02 Landscape Pages (DPC)
)
Package pdflscape Info: Auto-detected driver: pdftex on input line 81.
) (/usr/local/texlive/2022/texmf-dist/tex/latex/tabu/tabu.sty
Package: tabu 2019/01/11 v2.9 - flexible LaTeX tabulars (FC+tabu-fixed)
(/usr/local/texlive/2022/texmf-dist/tex/latex/varwidth/varwidth.sty
Package: varwidth 2009/03/30 ver 0.92;  Variable-width minipages
\@vwid@box=\box64
\sift@deathcycles=\count293
\@vwid@loff=\dimen181
\@vwid@roff=\dimen182
)
\c@taburow=\count294
\tabu@nbcols=\count295
\tabu@cnt=\count296
\tabu@Xcol=\count297
\tabu@alloc=\count298
\tabu@nested=\count299
\tabu@target=\dimen183
\tabu@spreadtarget=\dimen184
\tabu@naturalX=\dimen185
\tabucolX=\dimen186
\tabu@Xsum=\dimen187
\extrarowdepth=\dimen188
\abovetabulinesep=\dimen189
\belowtabulinesep=\dimen190
\tabustrutrule=\dimen191
\tabu@thebody=\toks33
\tabu@footnotes=\toks34
\tabu@box=\box65
\tabu@arstrutbox=\box66
\tabu@hleads=\box67
\tabu@vleads=\box68
\tabu@cellskip=\skip70
)
(/usr/local/texlive/2022/texmf-dist/tex/latex/threeparttable/threeparttable.sty
Package: threeparttable 2003/06/13  v 3.0
\@tempboxb=\box69
)
(/usr/local/texlive/2022/texmf-dist/tex/latex/threeparttablex/threeparttablex.s
ty
Package: threeparttablex 2013/07/23 v0.3 by daleif
(/usr/local/texlive/2022/texmf-dist/tex/latex/environ/environ.sty
Package: environ 2014/05/04 v0.3 A new way to define environments
(/usr/local/texlive/2022/texmf-dist/tex/latex/trimspaces/trimspaces.sty
Package: trimspaces 2009/09/17 v1.1 Trim spaces around a token list
))
\TPTL@width=\skip71
) (/usr/local/texlive/2022/texmf-dist/tex/generic/ulem/ulem.sty
\UL@box=\box70
\UL@hyphenbox=\box71
\UL@skip=\skip72
\UL@hook=\toks35
\UL@height=\dimen192
\UL@pe=\count300
\UL@pixel=\dimen193
\ULC@box=\box72
Package: ulem 2019/11/18
\ULdepth=\dimen194
) (/usr/local/texlive/2022/texmf-dist/tex/latex/makecell/makecell.sty
Package: makecell 2009/08/03 V0.1e Managing of Tab Column Heads and Cells
\rotheadsize=\dimen195
\c@nlinenum=\count301
\TeXr@lab=\toks36
) (/usr/local/texlive/2022/texmf-dist/tex/latex/bookmark/bookmark.sty
Package: bookmark 2020-11-06 v1.29 PDF bookmarks (HO)
(/usr/local/texlive/2022/texmf-dist/tex/latex/hyperref/hyperref.sty
Package: hyperref 2022-02-21 v7.00n Hypertext links for LaTeX
(/usr/local/texlive/2022/texmf-dist/tex/generic/pdftexcmds/pdftexcmds.sty
Package: pdftexcmds 2020-06-27 v0.33 Utility functions of pdfTeX for LuaTeX (HO
)
(/usr/local/texlive/2022/texmf-dist/tex/generic/infwarerr/infwarerr.sty
Package: infwarerr 2019/12/03 v1.5 Providing info/warning/error messages (HO)
)
Package pdftexcmds Info: \pdf@primitive is available.
Package pdftexcmds Info: \pdf@ifprimitive is available.
Package pdftexcmds Info: \pdfdraftmode found.
) (/usr/local/texlive/2022/texmf-dist/tex/generic/kvdefinekeys/kvdefinekeys.sty
Package: kvdefinekeys 2019-12-19 v1.6 Define keys (HO)
) (/usr/local/texlive/2022/texmf-dist/tex/generic/pdfescape/pdfescape.sty
Package: pdfescape 2019/12/09 v1.15 Implements pdfTeX's escape features (HO)
) (/usr/local/texlive/2022/texmf-dist/tex/latex/hycolor/hycolor.sty
Package: hycolor 2020-01-27 v1.10 Color options for hyperref/bookmark (HO)
) (/usr/local/texlive/2022/texmf-dist/tex/latex/letltxmacro/letltxmacro.sty
Package: letltxmacro 2019/12/03 v1.6 Let assignment for LaTeX macros (HO)
) (/usr/local/texlive/2022/texmf-dist/tex/latex/auxhook/auxhook.sty
Package: auxhook 2019-12-17 v1.6 Hooks for auxiliary files (HO)
)
\@linkdim=\dimen196
\Hy@linkcounter=\count302
\Hy@pagecounter=\count303
(/usr/local/texlive/2022/texmf-dist/tex/latex/hyperref/pd1enc.def
File: pd1enc.def 2022-02-21 v7.00n Hyperref: PDFDocEncoding definition (HO)
Now handling font encoding PD1 ...
... no UTF-8 mapping file for font encoding PD1
) (/usr/local/texlive/2022/texmf-dist/tex/generic/intcalc/intcalc.sty
Package: intcalc 2019/12/15 v1.3 Expandable calculations with integers (HO)
) (/usr/local/texlive/2022/texmf-dist/tex/generic/etexcmds/etexcmds.sty
Package: etexcmds 2019/12/15 v1.7 Avoid name clashes with e-TeX commands (HO)
)
\Hy@SavedSpaceFactor=\count304
(/usr/local/texlive/2022/texmf-dist/tex/latex/hyperref/puenc.def
File: puenc.def 2022-02-21 v7.00n Hyperref: PDF Unicode definition (HO)
Now handling font encoding PU ...
... no UTF-8 mapping file for font encoding PU
)
Package hyperref Info: Option `unicode' set `true' on input line 4018.
Package hyperref Info: Hyper figures OFF on input line 4137.
Package hyperref Info: Link nesting OFF on input line 4142.
Package hyperref Info: Hyper index ON on input line 4145.
Package hyperref Info: Plain pages OFF on input line 4152.
Package hyperref Info: Backreferencing OFF on input line 4157.
Package hyperref Info: Implicit mode ON; LaTeX internals redefined.
Package hyperref Info: Bookmarks ON on input line 4390.
\c@Hy@tempcnt=\count305
(/usr/local/texlive/2022/texmf-dist/tex/latex/url/url.sty
\Urlmuskip=\muskip17
Package: url 2013/09/16  ver 3.4  Verb mode for urls, etc.
)
LaTeX Info: Redefining \url on input line 4749.
\XeTeXLinkMargin=\dimen197
(/usr/local/texlive/2022/texmf-dist/tex/generic/bitset/bitset.sty
Package: bitset 2019/12/09 v1.3 Handle bit-vector datatype (HO)
(/usr/local/texlive/2022/texmf-dist/tex/generic/bigintcalc/bigintcalc.sty
Package: bigintcalc 2019/12/15 v1.5 Expandable calculations on big integers (HO
)
))
\Fld@menulength=\count306
\Field@Width=\dimen198
\Fld@charsize=\dimen199
Package hyperref Info: Hyper figures OFF on input line 6027.
Package hyperref Info: Link nesting OFF on input line 6032.
Package hyperref Info: Hyper index ON on input line 6035.
Package hyperref Info: backreferencing OFF on input line 6042.
Package hyperref Info: Link coloring OFF on input line 6047.
Package hyperref Info: Link coloring with OCG OFF on input line 6052.
Package hyperref Info: PDF/A mode OFF on input line 6057.
LaTeX Info: Redefining \ref on input line 6097.
LaTeX Info: Redefining \pageref on input line 6101.
(/usr/local/texlive/2022/texmf-dist/tex/latex/base/atbegshi-ltx.sty
Package: atbegshi-ltx 2021/01/10 v1.0c Emulation of the original atbegshi
package with kernel methods
)
\Hy@abspage=\count307
\c@Item=\count308
\c@Hfootnote=\count309
)
Package hyperref Info: Driver (autodetected): hpdftex.
(/usr/local/texlive/2022/texmf-dist/tex/latex/hyperref/hpdftex.def
File: hpdftex.def 2022-02-21 v7.00n Hyperref driver for pdfTeX
(/usr/local/texlive/2022/texmf-dist/tex/latex/base/atveryend-ltx.sty
Package: atveryend-ltx 2020/08/19 v1.0a Emulation of the original atveryend pac
kage
with kernel methods
)
\Fld@listcount=\count310
\c@bookmark@seq@number=\count311

(/usr/local/texlive/2022/texmf-dist/tex/latex/rerunfilecheck/rerunfilecheck.sty
Package: rerunfilecheck 2019/12/05 v1.9 Rerun checks for auxiliary files (HO)

(/usr/local/texlive/2022/texmf-dist/tex/generic/uniquecounter/uniquecounter.sty
Package: uniquecounter 2019/12/15 v1.4 Provide unlimited unique counter (HO)
)
Package uniquecounter Info: New unique counter `rerunfilecheck' on input line 2
86.
)
\Hy@SectionHShift=\skip73
) (/usr/local/texlive/2022/texmf-dist/tex/latex/bookmark/bkm-pdftex.def
File: bkm-pdftex.def 2020-11-06 v1.29 bookmark driver for pdfTeX (HO)
\BKM@id=\count312
)) (/usr/local/texlive/2022/texmf-dist/tex/latex/xurl/xurl.sty
Package: xurl 2022/01/09 v 0.10 modify URL breaks
)
LaTeX Font Info:    Trying to load font information for T1+lmr on input line 14
8.
(/usr/local/texlive/2022/texmf-dist/tex/latex/lm/t1lmr.fd
File: t1lmr.fd 2015/05/01 v1.6.1 Font defs for Latin Modern
) (/usr/local/texlive/2022/texmf-dist/tex/latex/l3backend/l3backend-pdftex.def
File: l3backend-pdftex.def 2022-02-07 L3 backend support: PDF output (pdfTeX)
\l__color_backend_stack_int=\count313
\l__pdf_internal_box=\box73
) (./paper.aux)
\openout1 = `paper.aux'.

LaTeX Font Info:    Checking defaults for OML/cmm/m/it on input line 148.
LaTeX Font Info:    ... okay on input line 148.
LaTeX Font Info:    Checking defaults for OMS/cmsy/m/n on input line 148.
LaTeX Font Info:    ... okay on input line 148.
LaTeX Font Info:    Checking defaults for OT1/cmr/m/n on input line 148.
LaTeX Font Info:    ... okay on input line 148.
LaTeX Font Info:    Checking defaults for T1/cmr/m/n on input line 148.
LaTeX Font Info:    ... okay on input line 148.
LaTeX Font Info:    Checking defaults for TS1/cmr/m/n on input line 148.
LaTeX Font Info:    ... okay on input line 148.
LaTeX Font Info:    Checking defaults for OMX/cmex/m/n on input line 148.
LaTeX Font Info:    ... okay on input line 148.
LaTeX Font Info:    Checking defaults for U/cmr/m/n on input line 148.
LaTeX Font Info:    ... okay on input line 148.
LaTeX Font Info:    Checking defaults for PD1/pdf/m/n on input line 148.
LaTeX Font Info:    ... okay on input line 148.
LaTeX Font Info:    Checking defaults for PU/pdf/m/n on input line 148.
LaTeX Font Info:    ... okay on input line 148.
LaTeX Info: Redefining \microtypecontext on input line 148.
Package microtype Info: Applying patch `item' on input line 148.
Package microtype Info: Applying patch `toc' on input line 148.
Package microtype Info: Applying patch `eqnum' on input line 148.
Package microtype Info: Applying patch `footnote' on input line 148.
Package microtype Info: Generating PDF output.
Package microtype Info: Character protrusion enabled (level 2).
Package microtype Info: Using protrusion set `basicmath'.
Package microtype Info: Automatic font expansion enabled (level 2),
(microtype)             stretch: 20, shrink: 20, step: 1, non-selected.
Package microtype Info: Using default expansion set `alltext-nott'.
LaTeX Info: Redefining \showhyphens on input line 148.
Package microtype Info: No adjustment of tracking.
Package microtype Info: No adjustment of interword spacing.
Package microtype Info: No adjustment of character kerning.
(/usr/local/texlive/2022/texmf-dist/tex/latex/microtype/mt-cmr.cfg
File: mt-cmr.cfg 2013/05/19 v2.2 microtype config. file: Computer Modern Roman 
(RS)
) (/usr/local/texlive/2022/texmf-dist/tex/context/base/mkii/supp-pdf.mkii
[Loading MPS to PDF converter (version 2006.09.02).]
\scratchcounter=\count314
\scratchdimen=\dimen256
\scratchbox=\box74
\nofMPsegments=\count315
\nofMParguments=\count316
\everyMPshowfont=\toks37
\MPscratchCnt=\count317
\MPscratchDim=\dimen257
\MPnumerator=\count318
\makeMPintoPDFobject=\count319
\everyMPtoPDFconversion=\toks38
) (/usr/local/texlive/2022/texmf-dist/tex/latex/epstopdf-pkg/epstopdf-base.sty
Package: epstopdf-base 2020-01-24 v2.11 Base part for package epstopdf
Package epstopdf-base Info: Redefining graphics rule for `.eps' on input line 4
85.
(/usr/local/texlive/2022/texmf-dist/tex/latex/latexconfig/epstopdf-sys.cfg
File: epstopdf-sys.cfg 2010/07/13 v1.3 Configuration of (r)epstopdf for TeX Liv
e
))
*geometry* driver: auto-detecting
*geometry* detected driver: pdftex
*geometry* verbose mode - [ preamble ] result:
* driver: pdftex
* paper: <default>
* layout: <same size as paper>
* layoutoffset:(h,v)=(0.0pt,0.0pt)
* modes: 
* h-part:(L,W,R)=(72.26999pt, 469.75502pt, 72.26999pt)
* v-part:(T,H,B)=(72.26999pt, 650.43001pt, 72.26999pt)
* \paperwidth=614.295pt
* \paperheight=794.96999pt
* \textwidth=469.75502pt
* \textheight=650.43001pt
* \oddsidemargin=0.0pt
* \evensidemargin=0.0pt
* \topmargin=-37.0pt
* \headheight=12.0pt
* \headsep=25.0pt
* \topskip=11.0pt
* \footskip=30.0pt
* \marginparwidth=59.0pt
* \marginparsep=10.0pt
* \columnsep=10.0pt
* \skip\footins=10.0pt plus 4.0pt minus 2.0pt
* \hoffset=0.0pt
* \voffset=0.0pt
* \mag=1000
* \@twocolumnfalse
* \@twosidefalse
* \@mparswitchfalse
* \@reversemarginfalse
* (1in=72.27pt=25.4mm, 1cm=28.453pt)

Package hyperref Info: Link coloring OFF on input line 148.
(/usr/local/texlive/2022/texmf-dist/tex/latex/hyperref/nameref.sty
Package: nameref 2021-04-02 v2.47 Cross-referencing by name of section
(/usr/local/texlive/2022/texmf-dist/tex/latex/refcount/refcount.sty
Package: refcount 2019/12/15 v3.6 Data extraction from label references (HO)
)
(/usr/local/texlive/2022/texmf-dist/tex/generic/gettitlestring/gettitlestring.s
ty
Package: gettitlestring 2019/12/15 v1.6 Cleanup title references (HO)
)
\c@section@level=\count320
)
LaTeX Info: Redefining \ref on input line 148.
LaTeX Info: Redefining \pageref on input line 148.
LaTeX Info: Redefining \nameref on input line 148.
LaTeX Font Info:    Trying to load font information for OT1+lmr on input line 1
50.
(/usr/local/texlive/2022/texmf-dist/tex/latex/lm/ot1lmr.fd
File: ot1lmr.fd 2015/05/01 v1.6.1 Font defs for Latin Modern
)
LaTeX Font Info:    Trying to load font information for OML+lmm on input line 1
50.
(/usr/local/texlive/2022/texmf-dist/tex/latex/lm/omllmm.fd
File: omllmm.fd 2015/05/01 v1.6.1 Font defs for Latin Modern
)
LaTeX Font Info:    Trying to load font information for OMS+lmsy on input line 
150.
(/usr/local/texlive/2022/texmf-dist/tex/latex/lm/omslmsy.fd
File: omslmsy.fd 2015/05/01 v1.6.1 Font defs for Latin Modern
)
LaTeX Font Info:    Trying to load font information for OMX+lmex on input line 
150.
(/usr/local/texlive/2022/texmf-dist/tex/latex/lm/omxlmex.fd
File: omxlmex.fd 2015/05/01 v1.6.1 Font defs for Latin Modern
)
LaTeX Font Info:    External font `lmex10' loaded for size
(Font)              <12> on input line 150.
LaTeX Font Info:    External font `lmex10' loaded for size
(Font)              <8> on input line 150.
LaTeX Font Info:    External font `lmex10' loaded for size
(Font)              <6> on input line 150.
LaTeX Font Info:    Trying to load font information for U+msa on input line 150
.
(/usr/local/texlive/2022/texmf-dist/tex/latex/amsfonts/umsa.fd
File: umsa.fd 2013/01/14 v3.01 AMS symbols A
) (/usr/local/texlive/2022/texmf-dist/tex/latex/microtype/mt-msa.cfg
File: mt-msa.cfg 2006/02/04 v1.1 microtype config. file: AMS symbols (a) (RS)
)
LaTeX Font Info:    Trying to load font information for U+msb on input line 150
.
(/usr/local/texlive/2022/texmf-dist/tex/latex/amsfonts/umsb.fd
File: umsb.fd 2013/01/14 v3.01 AMS symbols B
) (/usr/local/texlive/2022/texmf-dist/tex/latex/microtype/mt-msb.cfg
File: mt-msb.cfg 2005/06/01 v1.0 microtype config. file: AMS symbols (b) (RS)
) [1

{/usr/local/texlive/2022/texmf-var/fonts/map/pdftex/updmap/pdftex.map}] (./pape
r.toc
LaTeX Font Info:    External font `lmex10' loaded for size
(Font)              <10.95> on input line 4.
)
\tf@toc=\write3
\openout3 = `paper.toc'.


pdfTeX warning (ext4): destination with the same identifier (name{page.1}) has 
been already used, duplicate ignored
<to be read again> 
                   \relax 
l.160 \newpage
               [1] (./paper.lot)
\tf@lot=\write4
\openout4 = `paper.lot'.

(./paper.lof)
\tf@lof=\write5
\openout5 = `paper.lof'.

[2] [3]
LaTeX Font Info:    Trying to load font information for TS1+lmr on input line 2
37.
(/usr/local/texlive/2022/texmf-dist/tex/latex/lm/ts1lmr.fd
File: ts1lmr.fd 2015/05/01 v1.6.1 Font defs for Latin Modern
) [4] [5]
<./img/flowcharts/dae-gp.png, id=212, 757.83125pt x 1002.74625pt>
File: ./img/flowcharts/dae-gp.png Graphic file (type png)
<use ./img/flowcharts/dae-gp.png>
Package pdftex.def Info: ./img/flowcharts/dae-gp.png  used on input line 323.
(pdftex.def)             Requested size: 281.86174pt x 372.95349pt.
[6]
<./img/flowcharts/pt-dae-gp.png, id=226, 1031.855pt x 1620.0525pt>
File: ./img/flowcharts/pt-dae-gp.png Graphic file (type png)
<use ./img/flowcharts/pt-dae-gp.png>
Package pdftex.def Info: ./img/flowcharts/pt-dae-gp.png  used on input line 338
.
(pdftex.def)             Requested size: 305.33928pt x 479.39455pt.
[7 <./img/flowcharts/dae-gp.png>] [8 <./img/flowcharts/pt-dae-gp.png>]
LaTeX Font Info:    Trying to load font information for T1+lmtt on input line 3
89.
(/usr/local/texlive/2022/texmf-dist/tex/latex/lm/t1lmtt.fd
File: t1lmtt.fd 2015/05/01 v1.6.1 Font defs for Latin Modern
)

LaTeX Warning: `!h' float specifier changed to `!ht'.

[9] [10]
<./img/airfoil_firstGen/airfoil_firstGen_median_training_error_by_neurons_3plot
s.png, id=266, 1011.78pt x 867.24pt>
File: ./img/airfoil_firstGen/airfoil_firstGen_median_training_error_by_neurons_
3plots.png Graphic file (type png)
<use ./img/airfoil_firstGen/airfoil_firstGen_median_training_error_by_neurons_3
plots.png>
Package pdftex.def Info: ./img/airfoil_firstGen/airfoil_firstGen_median_trainin
g_error_by_neurons_3plots.png  used on input line 453.
(pdftex.def)             Requested size: 422.78331pt x 362.3857pt.
[11 <./img/airfoil_firstGen/airfoil_firstGen_median_training_error_by_neurons_3
plots.png>]
<./img/airfoil_firstGen/airfoil_firstGen_median_training_error_by_layers_3plots
.png, id=273, 1011.78pt x 867.24pt>
File: ./img/airfoil_firstGen/airfoil_firstGen_median_training_error_by_layers_3
plots.png Graphic file (type png)
<use ./img/airfoil_firstGen/airfoil_firstGen_median_training_error_by_layers_3p
lots.png>
Package pdftex.def Info: ./img/airfoil_firstGen/airfoil_firstGen_median_trainin
g_error_by_layers_3plots.png  used on input line 464.
(pdftex.def)             Requested size: 422.78331pt x 362.3857pt.
<./img/airfoil_2hl_150hn_fullRun_30gens_withGP/mean_median_fitness_byGens.png, 
id=274, 1011.78pt x 867.24pt>
File: ./img/airfoil_2hl_150hn_fullRun_30gens_withGP/mean_median_fitness_byGens.
png Graphic file (type png)
<use ./img/airfoil_2hl_150hn_fullRun_30gens_withGP/mean_median_fitness_byGens.p
ng>
Package pdftex.def Info: ./img/airfoil_2hl_150hn_fullRun_30gens_withGP/mean_med
ian_fitness_byGens.png  used on input line 478.
(pdftex.def)             Requested size: 422.78331pt x 362.3857pt.
[12 <./img/airfoil_firstGen/airfoil_firstGen_median_training_error_by_layers_3p
lots.png>]
<./img/airfoil_2hl_150hn_fullRun_30gens/final_fit_boxplot.png, id=283, 1011.78p
t x 867.24pt>
File: ./img/airfoil_2hl_150hn_fullRun_30gens/final_fit_boxplot.png Graphic file
 (type png)
<use ./img/airfoil_2hl_150hn_fullRun_30gens/final_fit_boxplot.png>
Package pdftex.def Info: ./img/airfoil_2hl_150hn_fullRun_30gens/final_fit_boxpl
ot.png  used on input line 491.
(pdftex.def)             Requested size: 375.80396pt x 322.11768pt.
[13 <./img/airfoil_2hl_150hn_fullRun_30gens_withGP/mean_median_fitness_byGens.p
ng>] [14 <./img/airfoil_2hl_150hn_fullRun_30gens/final_fit_boxplot.png>]
<./img/airfoil_2hl_150hn_fullRun_30gens/size_combined_median.png, id=299, 722.7
pt x 578.16pt>
File: ./img/airfoil_2hl_150hn_fullRun_30gens/size_combined_median.png Graphic f
ile (type png)
<use ./img/airfoil_2hl_150hn_fullRun_30gens/size_combined_median.png>
Package pdftex.def Info: ./img/airfoil_2hl_150hn_fullRun_30gens/size_combined_m
edian.png  used on input line 506.
(pdftex.def)             Requested size: 375.80615pt x 300.64493pt.
<./img/airfoil_2hl_150hn_fullRun_30gens_withGP/median_popDiversity_byGens_levOn
ly.png, id=301, 1011.78pt x 867.24pt>
File: ./img/airfoil_2hl_150hn_fullRun_30gens_withGP/median_popDiversity_byGens_
levOnly.png Graphic file (type png)
<use ./img/airfoil_2hl_150hn_fullRun_30gens_withGP/median_popDiversity_byGens_l
evOnly.png>
Package pdftex.def Info: ./img/airfoil_2hl_150hn_fullRun_30gens_withGP/median_p
opDiversity_byGens_levOnly.png  used on input line 517.
(pdftex.def)             Requested size: 375.80396pt x 322.11768pt.
[15 <./img/airfoil_2hl_150hn_fullRun_30gens/size_combined_median.png>]
<./img/airfoil_1hl_150hn_30gens/mean_median_fitness_byGens.png, id=311, 1011.78
pt x 867.24pt>
File: ./img/airfoil_1hl_150hn_30gens/mean_median_fitness_byGens.png Graphic fil
e (type png)
<use ./img/airfoil_1hl_150hn_30gens/mean_median_fitness_byGens.png>
Package pdftex.def Info: ./img/airfoil_1hl_150hn_30gens/mean_median_fitness_byG
ens.png  used on input line 531.
(pdftex.def)             Requested size: 375.80396pt x 322.11768pt.
[16 <./img/airfoil_2hl_150hn_fullRun_30gens_withGP/median_popDiversity_byGens_l
evOnly.png>]
<./img/airfoil_1hl_150hn_30gens/final_fit_boxplot.png, id=318, 1011.78pt x 867.
24pt>
File: ./img/airfoil_1hl_150hn_30gens/final_fit_boxplot.png Graphic file (type p
ng)
<use ./img/airfoil_1hl_150hn_30gens/final_fit_boxplot.png>
Package pdftex.def Info: ./img/airfoil_1hl_150hn_30gens/final_fit_boxplot.png  
used on input line 540.
(pdftex.def)             Requested size: 375.80396pt x 322.11768pt.
[17 <./img/airfoil_1hl_150hn_30gens/mean_median_fitness_byGens.png>] [18 <./img
/airfoil_1hl_150hn_30gens/final_fit_boxplot.png>]
<./img/PT_Strategies_airfoil_2hl_150hn_fullRun/median_fitness_byGens.png, id=33
3, 1011.78pt x 867.24pt>
File: ./img/PT_Strategies_airfoil_2hl_150hn_fullRun/median_fitness_byGens.png G
raphic file (type png)
<use ./img/PT_Strategies_airfoil_2hl_150hn_fullRun/median_fitness_byGens.png>
Package pdftex.def Info: ./img/PT_Strategies_airfoil_2hl_150hn_fullRun/median_f
itness_byGens.png  used on input line 560.
(pdftex.def)             Requested size: 375.80396pt x 322.11768pt.
<./img/PT_Strategies_airfoil_2hl_150hn_fullRun/final_fit_boxplot(test_only).png
, id=335, 1011.78pt x 867.24pt>
File: ./img/PT_Strategies_airfoil_2hl_150hn_fullRun/final_fit_boxplot(test_only
).png Graphic file (type png)
<use ./img/PT_Strategies_airfoil_2hl_150hn_fullRun/final_fit_boxplot(test_only)
.png>
Package pdftex.def Info: ./img/PT_Strategies_airfoil_2hl_150hn_fullRun/final_fi
t_boxplot(test_only).png  used on input line 571.
(pdftex.def)             Requested size: 375.80396pt x 322.11768pt.
[19 <./img/PT_Strategies_airfoil_2hl_150hn_fullRun/median_fitness_byGens.png>] 
[20 <./img/PT_Strategies_airfoil_2hl_150hn_fullRun/final_fit_boxplot(test_only)
.png>]
<./img/airfoil_2hl_150hn_fullRun_30gens_TimeBenchmark/median_runtime.png, id=34
8, 1011.78pt x 867.24pt>
File: ./img/airfoil_2hl_150hn_fullRun_30gens_TimeBenchmark/median_runtime.png G
raphic file (type png)
<use ./img/airfoil_2hl_150hn_fullRun_30gens_TimeBenchmark/median_runtime.png>
Package pdftex.def Info: ./img/airfoil_2hl_150hn_fullRun_30gens_TimeBenchmark/m
edian_runtime.png  used on input line 589.
(pdftex.def)             Requested size: 375.80396pt x 322.11768pt.
<./img/airfoil_2hl_150hn_fullRun_30gens_TimeBenchmark/median_training_epochs.pn
g, id=350, 1011.78pt x 867.24pt>
File: ./img/airfoil_2hl_150hn_fullRun_30gens_TimeBenchmark/median_training_epoc
hs.png Graphic file (type png)
<use ./img/airfoil_2hl_150hn_fullRun_30gens_TimeBenchmark/median_training_epoch
s.png>
Package pdftex.def Info: ./img/airfoil_2hl_150hn_fullRun_30gens_TimeBenchmark/m
edian_training_epochs.png  used on input line 600.
(pdftex.def)             Requested size: 375.80396pt x 322.11768pt.
[21 <./img/airfoil_2hl_150hn_fullRun_30gens_TimeBenchmark/median_runtime.png>]
<./img/airfoil_2hl_150hn_fullRun_30gens_TimeBenchmark/median_sampleTime.png, id
=357, 1011.78pt x 867.24pt>
File: ./img/airfoil_2hl_150hn_fullRun_30gens_TimeBenchmark/median_sampleTime.pn
g Graphic file (type png)
<use ./img/airfoil_2hl_150hn_fullRun_30gens_TimeBenchmark/median_sampleTime.png
>
Package pdftex.def Info: ./img/airfoil_2hl_150hn_fullRun_30gens_TimeBenchmark/m
edian_sampleTime.png  used on input line 611.
(pdftex.def)             Requested size: 375.80396pt x 322.11768pt.
[22 <./img/airfoil_2hl_150hn_fullRun_30gens_TimeBenchmark/median_training_epoch
s.png>]
<./img/airfoil_2hl_150hn_fullRun_30gens_TimeBenchmark/median_runtime_withoutSam
pling.png, id=364, 1011.78pt x 867.24pt>
File: ./img/airfoil_2hl_150hn_fullRun_30gens_TimeBenchmark/median_runtime_witho
utSampling.png Graphic file (type png)
<use ./img/airfoil_2hl_150hn_fullRun_30gens_TimeBenchmark/median_runtime_withou
tSampling.png>
Package pdftex.def Info: ./img/airfoil_2hl_150hn_fullRun_30gens_TimeBenchmark/m
edian_runtime_withoutSampling.png  used on input line 622.
(pdftex.def)             Requested size: 375.80396pt x 322.11768pt.
[23 <./img/airfoil_2hl_150hn_fullRun_30gens_TimeBenchmark/median_sampleTime.png
>]
<./img/Airfoil_RuntimeProfiling/cum_Runtime_HBar.png, id=371, 1011.78pt x 867.2
4pt>
File: ./img/Airfoil_RuntimeProfiling/cum_Runtime_HBar.png Graphic file (type pn
g)
<use ./img/Airfoil_RuntimeProfiling/cum_Runtime_HBar.png>
Package pdftex.def Info: ./img/Airfoil_RuntimeProfiling/cum_Runtime_HBar.png  u
sed on input line 633.
(pdftex.def)             Requested size: 375.80396pt x 322.11768pt.
[24 <./img/airfoil_2hl_150hn_fullRun_30gens_TimeBenchmark/median_runtime_withou
tSampling.png>]
LaTeX Font Info:    External font `lmex10' loaded for size
(Font)              <9> on input line 664.
LaTeX Font Info:    External font `lmex10' loaded for size
(Font)              <5> on input line 664.

Overfull \hbox (1.81479pt too wide) in paragraph at lines 717--717
 []|\T1/lmr/m/n/10.95 (-20) Boston_Housing| 
 []


Overfull \hbox (0.83762pt too wide) in paragraph at lines 719--719
 []|\T1/lmr/m/n/10.95 (-20) Energy(Cooling)| 
 []

[25 <./img/Airfoil_RuntimeProfiling/cum_Runtime_HBar.png>]
<~/masterThesis/master_thesis/img/symbolicRegressionSummarized/median_fitness_b
yGens.png, id=393, 1011.78pt x 867.24pt>
File: ~/masterThesis/master_thesis/img/symbolicRegressionSummarized/median_fitn
ess_byGens.png Graphic file (type png)
<use ~/masterThesis/master_thesis/img/symbolicRegressionSummarized/median_fitne
ss_byGens.png>
Package pdftex.def Info: ~/masterThesis/master_thesis/img/symbolicRegressionSum
marized/median_fitness_byGens.png  used on input line 727.
(pdftex.def)             Requested size: 469.76266pt x 402.65372pt.
<~/masterThesis/master_thesis/img/symbolicRegressionSummarized/median_bestSol_s
ize_byGens.png, id=394, 1011.78pt x 867.24pt>
File: ~/masterThesis/master_thesis/img/symbolicRegressionSummarized/median_best
Sol_size_byGens.png Graphic file (type png)
<use ~/masterThesis/master_thesis/img/symbolicRegressionSummarized/median_bestS
ol_size_byGens.png>
Package pdftex.def Info: ~/masterThesis/master_thesis/img/symbolicRegressionSum
marized/median_bestSol_size_byGens.png  used on input line 738.
(pdftex.def)             Requested size: 469.76266pt x 402.65372pt.
[26 </Users/rmn/masterThesis/master_thesis/img/symbolicRegressionSummarized/med
ian_fitness_byGens.png>]
<~/masterThesis/master_thesis/img/symbolicRegressionSummarized/median_levDistan
ce_byGen.png, id=401, 1011.78pt x 867.24pt>
File: ~/masterThesis/master_thesis/img/symbolicRegressionSummarized/median_levD
istance_byGen.png Graphic file (type png)
<use ~/masterThesis/master_thesis/img/symbolicRegressionSummarized/median_levDi
stance_byGen.png>
Package pdftex.def Info: ~/masterThesis/master_thesis/img/symbolicRegressionSum
marized/median_levDistance_byGen.png  used on input line 800.
(pdftex.def)             Requested size: 469.76266pt x 402.65372pt.
[27 </Users/rmn/masterThesis/master_thesis/img/symbolicRegressionSummarized/med
ian_bestSol_size_byGens.png>] [28 </Users/rmn/masterThesis/master_thesis/img/sy
mbolicRegressionSummarized/median_levDistance_byGen.png>]
<~/masterThesis/master_thesis/img/symbolicRegressionSummarized/median_epochsTra
ined.png, id=413, 1011.78pt x 867.24pt>
File: ~/masterThesis/master_thesis/img/symbolicRegressionSummarized/median_epoc
hsTrained.png Graphic file (type png)
<use ~/masterThesis/master_thesis/img/symbolicRegressionSummarized/median_epoch
sTrained.png>
Package pdftex.def Info: ~/masterThesis/master_thesis/img/symbolicRegressionSum
marized/median_epochsTrained.png  used on input line 862.
(pdftex.def)             Requested size: 469.76266pt x 402.65372pt.
[29 </Users/rmn/masterThesis/master_thesis/img/symbolicRegressionSummarized/med
ian_epochsTrained.png>] [30]
Underfull \hbox (badness 10000) in paragraph at lines 938--941

 []


Underfull \hbox (badness 10000) in paragraph at lines 942--945

 []


Underfull \hbox (badness 10000) in paragraph at lines 946--949

 []


Underfull \hbox (badness 10000) in paragraph at lines 950--953

 []


Underfull \hbox (badness 10000) in paragraph at lines 954--957

 []


Underfull \hbox (badness 10000) in paragraph at lines 958--961

 []


Underfull \hbox (badness 10000) in paragraph at lines 962--965

 []


Underfull \hbox (badness 10000) in paragraph at lines 966--969

 []


Underfull \hbox (badness 3713) in paragraph at lines 972--972
[]\T1/lmr/m/n/10.95 (+20) Sinno Jialin Pan and Qiang Yang. 2010. A sur-vey on t
rans-fer learn-ing.
 []


Underfull \hbox (badness 10000) in paragraph at lines 970--973

 []


Underfull \hbox (badness 10000) in paragraph at lines 974--977

 []


Underfull \hbox (badness 10000) in paragraph at lines 978--981

 []


Underfull \hbox (badness 10000) in paragraph at lines 982--985

 []


Underfull \hbox (badness 10000) in paragraph at lines 986--989

 []


Underfull \hbox (badness 10000) in paragraph at lines 990--993

 []


Underfull \hbox (badness 10000) in paragraph at lines 994--997

 []


Underfull \hbox (badness 10000) in paragraph at lines 998--1001

 []

[31]
Underfull \hbox (badness 10000) in paragraph at lines 1002--1005

 []


Underfull \hbox (badness 10000) in paragraph at lines 1006--1009

 []

[32] (./paper.aux) ) 
Here is how much of TeX's memory you used:
 16044 strings out of 478268
 266557 string characters out of 5846348
 592765 words of memory out of 5000000
 33615 multiletter control sequences out of 15000+600000
 537158 words of font info for 160 fonts, out of 8000000 for 9000
 1141 hyphenation exceptions out of 8191
 74i,9n,77p,1247b,456s stack positions out of 10000i,1000n,20000p,200000b,200000s
{/usr/local/texlive/2022/texmf-dist/fonts/enc/dvips/lm/lm-r
m.enc}{/usr/local/texlive/2022/texmf-dist/fonts/enc/dvips/lm/lm-mathit.enc}{/us
r/local/texlive/2022/texmf-dist/fonts/enc/dvips/lm/lm-ec.enc}{/usr/local/texliv
e/2022/texmf-dist/fonts/enc/dvips/lm/lm-mathsy.enc}{/usr/local/texlive/2022/tex
mf-dist/fonts/enc/dvips/lm/lm-ts1.enc}</usr/local/texlive/2022/texmf-dist/fonts
/type1/public/lm/lmbx10.pfb></usr/local/texlive/2022/texmf-dist/fonts/type1/pub
lic/lm/lmbx12.pfb></usr/local/texlive/2022/texmf-dist/fonts/type1/public/lm/lmm
i10.pfb></usr/local/texlive/2022/texmf-dist/fonts/type1/public/lm/lmmi8.pfb></u
sr/local/texlive/2022/texmf-dist/fonts/type1/public/lm/lmmi9.pfb></usr/local/te
xlive/2022/texmf-dist/fonts/type1/public/lm/lmr10.pfb></usr/local/texlive/2022/
texmf-dist/fonts/type1/public/lm/lmr12.pfb></usr/local/texlive/2022/texmf-dist/
fonts/type1/public/lm/lmr17.pfb></usr/local/texlive/2022/texmf-dist/fonts/type1
/public/lm/lmr6.pfb></usr/local/texlive/2022/texmf-dist/fonts/type1/public/lm/l
mr8.pfb></usr/local/texlive/2022/texmf-dist/fonts/type1/public/lm/lmr9.pfb></us
r/local/texlive/2022/texmf-dist/fonts/type1/public/lm/lmri10.pfb></usr/local/te
xlive/2022/texmf-dist/fonts/type1/public/lm/lmsy10.pfb></usr/local/texlive/2022
/texmf-dist/fonts/type1/public/lm/lmtt10.pfb>
Output written on paper.pdf (33 pages, 9833009 bytes).
PDF statistics:
 638 PDF objects out of 1000 (max. 8388607)
 523 compressed objects within 6 object streams
 141 named destinations out of 1000 (max. 500000)
 37178 words of extra memory for PDF output out of 42996 (max. 10000000)

